This is pdfTeX, Version 3.14159265-2.6-1.40.19 (TeX Live 2019/dev/Debian) (preloaded format=pdflatex 2019.9.16)  5 MAR 2020 14:30
entering extended mode
 restricted \write18 enabled.
 %&-line parsing enabled.
**Dissertation.tex
(./Dissertation.tex
LaTeX2e <2018-12-01>
(./uwthesis.cls
Document Class: uwthesis 2015/03/03
\tf@not=\write3
(/usr/share/texlive/texmf-dist/tex/latex/base/book.cls
Document Class: book 2018/09/03 v1.4i Standard LaTeX document class
(/usr/share/texlive/texmf-dist/tex/latex/base/bk12.clo
File: bk12.clo 2018/09/03 v1.4i Standard LaTeX file (size option)
)
\c@part=\count80
\c@chapter=\count81
\c@section=\count82
\c@subsection=\count83
\c@subsubsection=\count84
\c@paragraph=\count85
\c@subparagraph=\count86
\c@figure=\count87
\c@table=\count88
\abovecaptionskip=\skip41
\belowcaptionskip=\skip42
\bibindent=\dimen102
)
Formatting for ProQuest
\botmargin=\dimen103
\@@wholepage=\box27
\@Chair=\count89
\@Sign=\count90
\abs@savebox=\box28
) (/usr/share/texlive/texmf-dist/tex/latex/graphics/graphicx.sty
Package: graphicx 2017/06/01 v1.1a Enhanced LaTeX Graphics (DPC,SPQR)

(/usr/share/texlive/texmf-dist/tex/latex/graphics/keyval.sty
Package: keyval 2014/10/28 v1.15 key=value parser (DPC)
\KV@toks@=\toks14
)
(/usr/share/texlive/texmf-dist/tex/latex/graphics/graphics.sty
Package: graphics 2017/06/25 v1.2c Standard LaTeX Graphics (DPC,SPQR)

(/usr/share/texlive/texmf-dist/tex/latex/graphics/trig.sty
Package: trig 2016/01/03 v1.10 sin cos tan (DPC)
)
(/usr/share/texlive/texmf-dist/tex/latex/graphics-cfg/graphics.cfg
File: graphics.cfg 2016/06/04 v1.11 sample graphics configuration
)
Package graphics Info: Driver file: pdftex.def on input line 99.

(/usr/share/texlive/texmf-dist/tex/latex/graphics-def/pdftex.def
File: pdftex.def 2018/01/08 v1.0l Graphics/color driver for pdftex
))
\Gin@req@height=\dimen104
\Gin@req@width=\dimen105
)
(/usr/share/texlive/texmf-dist/tex/latex/subfig/subfig.sty
Package: subfig 2005/06/28 ver: 1.3 subfig package

(/usr/share/texlive/texmf-dist/tex/latex/caption/caption.sty
Package: caption 2018/10/06 v3.3-154 Customizing captions (AR)

(/usr/share/texlive/texmf-dist/tex/latex/caption/caption3.sty
Package: caption3 2018/09/12 v1.8c caption3 kernel (AR)
Package caption3 Info: TeX engine: e-TeX on input line 64.
\captionmargin=\dimen106
\captionmargin@=\dimen107
\captionwidth=\dimen108
\caption@tempdima=\dimen109
\caption@indent=\dimen110
\caption@parindent=\dimen111
\caption@hangindent=\dimen112
)
\c@caption@flags=\count91
\c@ContinuedFloat=\count92
)
\c@KVtest=\count93
\sf@farskip=\skip43
\sf@captopadj=\dimen113
\sf@capskip=\skip44
\sf@nearskip=\skip45
\c@subfigure=\count94
\c@subfigure@save=\count95
\c@lofdepth=\count96
\c@subtable=\count97
\c@subtable@save=\count98
\c@lotdepth=\count99
\sf@top=\skip46
\sf@bottom=\skip47
)
(/usr/share/texlive/texmf-dist/tex/latex/amsmath/amsmath.sty
Package: amsmath 2018/12/01 v2.17b AMS math features
\@mathmargin=\skip48

For additional information on amsmath, use the `?' option.
(/usr/share/texlive/texmf-dist/tex/latex/amsmath/amstext.sty
Package: amstext 2000/06/29 v2.01 AMS text

(/usr/share/texlive/texmf-dist/tex/latex/amsmath/amsgen.sty
File: amsgen.sty 1999/11/30 v2.0 generic functions
\@emptytoks=\toks15
\ex@=\dimen114
))
(/usr/share/texlive/texmf-dist/tex/latex/amsmath/amsbsy.sty
Package: amsbsy 1999/11/29 v1.2d Bold Symbols
\pmbraise@=\dimen115
)
(/usr/share/texlive/texmf-dist/tex/latex/amsmath/amsopn.sty
Package: amsopn 2016/03/08 v2.02 operator names
)
\inf@bad=\count100
LaTeX Info: Redefining \frac on input line 223.
\uproot@=\count101
\leftroot@=\count102
LaTeX Info: Redefining \overline on input line 385.
\classnum@=\count103
\DOTSCASE@=\count104
LaTeX Info: Redefining \ldots on input line 482.
LaTeX Info: Redefining \dots on input line 485.
LaTeX Info: Redefining \cdots on input line 606.
\Mathstrutbox@=\box29
\strutbox@=\box30
\big@size=\dimen116
LaTeX Font Info:    Redeclaring font encoding OML on input line 729.
LaTeX Font Info:    Redeclaring font encoding OMS on input line 730.
\macc@depth=\count105
\c@MaxMatrixCols=\count106
\dotsspace@=\muskip10
\c@parentequation=\count107
\dspbrk@lvl=\count108
\tag@help=\toks16
\row@=\count109
\column@=\count110
\maxfields@=\count111
\andhelp@=\toks17
\eqnshift@=\dimen117
\alignsep@=\dimen118
\tagshift@=\dimen119
\tagwidth@=\dimen120
\totwidth@=\dimen121
\lineht@=\dimen122
\@envbody=\toks18
\multlinegap=\skip49
\multlinetaggap=\skip50
\mathdisplay@stack=\toks19
LaTeX Info: Redefining \[ on input line 2844.
LaTeX Info: Redefining \] on input line 2845.
)
(/usr/share/texlive/texmf-dist/tex/latex/amsfonts/amssymb.sty
Package: amssymb 2013/01/14 v3.01 AMS font symbols

(/usr/share/texlive/texmf-dist/tex/latex/amsfonts/amsfonts.sty
Package: amsfonts 2013/01/14 v3.01 Basic AMSFonts support
\symAMSa=\mathgroup4
\symAMSb=\mathgroup5
LaTeX Font Info:    Overwriting math alphabet `\mathfrak' in version `bold'
(Font)                  U/euf/m/n --> U/euf/b/n on input line 106.
))
(/usr/share/texlive/texmf-dist/tex/latex/setspace/setspace.sty
Package: setspace 2011/12/19 v6.7a set line spacing
)
(/usr/share/texlive/texmf-dist/tex/latex/lineno/lineno.sty
Package: lineno 2005/11/02 line numbers on paragraphs v4.41
\linenopenalty=\count112
\output=\toks20
\linenoprevgraf=\count113
\linenumbersep=\dimen123
\linenumberwidth=\dimen124
\c@linenumber=\count114
\c@pagewiselinenumber=\count115
\c@LN@truepage=\count116
\c@internallinenumber=\count117
\c@internallinenumbers=\count118
\quotelinenumbersep=\dimen125
\bframerule=\dimen126
\bframesep=\dimen127
\bframebox=\box31
LaTeX Info: Redefining \\ on input line 3056.
)
(/usr/share/texlive/texmf-dist/tex/latex/epigraph/epigraph.sty
Package: epigraph 2009/09/02 v1.5c typesetting epigraphs
\beforeepigraphskip=\skip51
\afterepigraphskip=\skip52
\epigraphwidth=\skip53
\epigraphrule=\skip54
)
(/usr/share/texlive/texmf-dist/tex/latex/natbib/natbib.sty
Package: natbib 2010/09/13 8.31b (PWD, AO)
\bibhang=\skip55
\bibsep=\skip56
LaTeX Info: Redefining \cite on input line 694.
\c@NAT@ctr=\count119
) (./Dissertation.aux

LaTeX Warning: Label `wind' multiply defined.


LaTeX Warning: Label `sensNoise' multiply defined.

)
\openout1 = `Dissertation.aux'.

LaTeX Font Info:    Checking defaults for OML/cmm/m/it on input line 13.
LaTeX Font Info:    ... okay on input line 13.
LaTeX Font Info:    Checking defaults for T1/cmr/m/n on input line 13.
LaTeX Font Info:    ... okay on input line 13.
LaTeX Font Info:    Checking defaults for OT1/cmr/m/n on input line 13.
LaTeX Font Info:    ... okay on input line 13.
LaTeX Font Info:    Checking defaults for OMS/cmsy/m/n on input line 13.
LaTeX Font Info:    ... okay on input line 13.
LaTeX Font Info:    Checking defaults for OMX/cmex/m/n on input line 13.
LaTeX Font Info:    ... okay on input line 13.
LaTeX Font Info:    Checking defaults for U/cmr/m/n on input line 13.
LaTeX Font Info:    ... okay on input line 13.
 (/usr/share/texlive/texmf-dist/tex/context/base/mkii/supp-pdf.mkii
[Loading MPS to PDF converter (version 2006.09.02).]
\scratchcounter=\count120
\scratchdimen=\dimen128
\scratchbox=\box32
\nofMPsegments=\count121
\nofMParguments=\count122
\everyMPshowfont=\toks21
\MPscratchCnt=\count123
\MPscratchDim=\dimen129
\MPnumerator=\count124
\makeMPintoPDFobject=\count125
\everyMPtoPDFconversion=\toks22
) (/usr/share/texlive/texmf-dist/tex/latex/oberdiek/epstopdf-base.sty
Package: epstopdf-base 2016/05/15 v2.6 Base part for package epstopdf

(/usr/share/texlive/texmf-dist/tex/generic/oberdiek/infwarerr.sty
Package: infwarerr 2016/05/16 v1.4 Providing info/warning/error messages (HO)
)
(/usr/share/texlive/texmf-dist/tex/latex/oberdiek/grfext.sty
Package: grfext 2016/05/16 v1.2 Manage graphics extensions (HO)

(/usr/share/texlive/texmf-dist/tex/generic/oberdiek/kvdefinekeys.sty
Package: kvdefinekeys 2016/05/16 v1.4 Define keys (HO)

(/usr/share/texlive/texmf-dist/tex/generic/oberdiek/ltxcmds.sty
Package: ltxcmds 2016/05/16 v1.23 LaTeX kernel commands for general use (HO)
)))
(/usr/share/texlive/texmf-dist/tex/latex/oberdiek/kvoptions.sty
Package: kvoptions 2016/05/16 v3.12 Key value format for package options (HO)

(/usr/share/texlive/texmf-dist/tex/generic/oberdiek/kvsetkeys.sty
Package: kvsetkeys 2016/05/16 v1.17 Key value parser (HO)

(/usr/share/texlive/texmf-dist/tex/generic/oberdiek/etexcmds.sty
Package: etexcmds 2016/05/16 v1.6 Avoid name clashes with e-TeX commands (HO)

(/usr/share/texlive/texmf-dist/tex/generic/oberdiek/ifluatex.sty
Package: ifluatex 2016/05/16 v1.4 Provides the ifluatex switch (HO)
Package ifluatex Info: LuaTeX not detected.
))))
(/usr/share/texlive/texmf-dist/tex/generic/oberdiek/pdftexcmds.sty
Package: pdftexcmds 2018/09/10 v0.29 Utility functions of pdfTeX for LuaTeX (HO
)

(/usr/share/texlive/texmf-dist/tex/generic/oberdiek/ifpdf.sty
Package: ifpdf 2018/09/07 v3.3 Provides the ifpdf switch
)
Package pdftexcmds Info: LuaTeX not detected.
Package pdftexcmds Info: \pdf@primitive is available.
Package pdftexcmds Info: \pdf@ifprimitive is available.
Package pdftexcmds Info: \pdfdraftmode found.
)
Package epstopdf-base Info: Redefining graphics rule for `.eps' on input line 4
38.
Package grfext Info: Graphics extension search list:
(grfext)             [.pdf,.png,.jpg,.mps,.jpeg,.jbig2,.jb2,.PDF,.PNG,.JPG,.JPE
G,.JBIG2,.JB2,.eps]
(grfext)             \AppendGraphicsExtensions on input line 456.

(/usr/share/texlive/texmf-dist/tex/latex/latexconfig/epstopdf-sys.cfg
File: epstopdf-sys.cfg 2010/07/13 v1.3 Configuration of (r)epstopdf for TeX Liv
e
))
Package caption Info: Begin \AtBeginDocument code.
Package caption Info: subfig package v1.3 is loaded.
Package caption Info: Incompatible package detected (regarding \caption).
(caption)             \caption = macro:->\@ifnextchar ({\@specialcaption }{\@no
rmalcaption }.


Package caption Warning: \caption will not be redefined since it's already
(caption)                redefined by a document class or package which is
(caption)                unknown to the caption package.
See the caption package documentation for explanation.

Package caption Info: End \AtBeginDocument code.
LaTeX Font Info:    Try loading font information for OMS+cmr on input line 27.
(/usr/share/texlive/texmf-dist/tex/latex/base/omscmr.fd
File: omscmr.fd 2014/09/29 v2.5h Standard LaTeX font definitions
)
LaTeX Font Info:    Font shape `OMS/cmr/m/n' in size <12> not available
(Font)              Font shape `OMS/cmsy/m/n' tried instead on input line 27.
 [1

{/var/lib/texmf/fonts/map/pdftex/updmap/pdftex.map}] [-1

] [0

] (./Dissertation.toc
LaTeX Font Info:    Try loading font information for U+msa on input line 1.

(/usr/share/texlive/texmf-dist/tex/latex/amsfonts/umsa.fd
File: umsa.fd 2013/01/14 v3.01 AMS symbols A
)
LaTeX Font Info:    Try loading font information for U+msb on input line 1.

(/usr/share/texlive/texmf-dist/tex/latex/amsfonts/umsb.fd
File: umsb.fd 2013/01/14 v3.01 AMS symbols B
) [1



])
\tf@toc=\write4
\openout4 = `Dissertation.toc'.

 [2]
(./Dissertation.lof [3

]
Underfull \vbox (badness 10000) has occurred while \output is active []

 [4]
Underfull \vbox (badness 1460) has occurred while \output is active []

 [5])
\tf@lof=\write5
\openout5 = `Dissertation.lof'.


[6] [7

] [8

] [1


]
<<1>>
[2

]

Package natbib Warning: Citation `some' on page 3 undefined on input line 70.

[3]
<GW170817.pdf, id=66, 379.4175pt x 542.025pt>
File: GW170817.pdf Graphic file (type pdf)
<use GW170817.pdf>
Package pdftex.def Info: GW170817.pdf  used on input line 97.
(pdftex.def)             Requested size: 376.23743pt x 537.49136pt.


LaTeX Warning: Float too large for page by 54.52136pt on input line 101.

[4] [5 <./GW170817.pdf>]
<LIGO_Schematic.pdf, id=128, 720.6925pt x 597.23125pt>
File: LIGO_Schematic.pdf Graphic file (type pdf)
<use LIGO_Schematic.pdf>
Package pdftex.def Info: LIGO_Schematic.pdf  used on input line 113.
(pdftex.def)             Requested size: 352.72124pt x 292.29047pt.
 [6 <./LIGO_Schematic.pdf>]
<StrainCurve.pdf, id=308, 542.025pt x 393.47pt>
File: StrainCurve.pdf Graphic file (type pdf)
<use StrainCurve.pdf>
Package pdftex.def Info: StrainCurve.pdf  used on input line 132.
(pdftex.def)             Requested size: 258.66368pt x 187.77675pt.
 [7 <./StrainCurve.pdf>]
[8]
<windComp.pdf, id=374, 669.50125pt x 554.07pt>
File: windComp.pdf Graphic file (type pdf)
<use windComp.pdf>
Package pdftex.def Info: windComp.pdf  used on input line 191.
(pdftex.def)             Requested size: 352.72124pt x 291.9141pt.
 [9] [10 <./windComp.pdf>]
<seismicSensNoise.pdf, id=450, 515.9275pt x 387.4475pt>
File: seismicSensNoise.pdf Graphic file (type pdf)
<use seismicSensNoise.pdf>
Package pdftex.def Info: seismicSensNoise.pdf  used on input line 209.
(pdftex.def)             Requested size: 399.75362pt x 300.2155pt.
 [11] [12 <./seismicSensNoise.pdf>] [13]
<<2>>

Underfull \vbox (badness 6658) has occurred while \output is active []

 [14

]
File: windComp.pdf Graphic file (type pdf)
<use windComp.pdf>
Package pdftex.def Info: windComp.pdf  used on input line 259.
(pdftex.def)             Requested size: 352.72124pt x 291.9141pt.

[15] [16]
<BRSIso.png, id=603, 572.89032pt x 408.77719pt>
File: BRSIso.png Graphic file (type png)
<use BRSIso.png>
Package pdftex.def Info: BRSIso.png  used on input line 289.
(pdftex.def)             Requested size: 352.72124pt x 251.68028pt.
<BRSFront.png, id=604, 709.14937pt x 286.82156pt>
File: BRSFront.png Graphic file (type png)
<use BRSFront.png>
Package pdftex.def Info: BRSFront.png  used on input line 295.
(pdftex.def)             Requested size: 470.295pt x 190.2175pt.
<BRSFrontDetail.png, id=605, 891.33pt x 669.2503pt>
File: BRSFrontDetail.png Graphic file (type png)
<use BRSFrontDetail.png>
Package pdftex.def Info: BRSFrontDetail.png  used on input line 303.
(pdftex.def)             Requested size: 470.295pt x 353.11812pt.
 [17] [18 <./BRSIso.png> <./BRSFront.png>] [19 <./BRSFrontDetail.png (PNG copy)
>]
Underfull \vbox (badness 10000) has occurred while \output is active []

 [20]
[21]
<Autocollimator.pdf, id=622, 614.295pt x 794.97pt>
File: Autocollimator.pdf Graphic file (type pdf)
<use Autocollimator.pdf>
Package pdftex.def Info: Autocollimator.pdf  used on input line 352.
(pdftex.def)             Requested size: 470.295pt x 608.62315pt.


LaTeX Warning: Float too large for page by 53.15315pt on input line 356.

[22] [23 <./Autocollimator.pdf>]

Package natbib Warning: Citation `MSAPaper' on page 24 undefined on input line 
390.

[24] [25]

Package natbib Warning: Citation `thermal' on page 26 undefined on input line 4
10.

<BRSNoiseModel.pdf, id=644, 637.38126pt x 495.8525pt>
File: BRSNoiseModel.pdf Graphic file (type pdf)
<use BRSNoiseModel.pdf>
Package pdftex.def Info: BRSNoiseModel.pdf  used on input line 425.
(pdftex.def)             Requested size: 470.295pt x 365.86584pt.

Underfull \vbox (badness 10000) has occurred while \output is active []

 [26]
[27 <./BRSNoiseModel.pdf>]
<HSubtractionETMX.pdf, id=748, 738.76pt x 510.90875pt>
File: HSubtractionETMX.pdf Graphic file (type pdf)
<use HSubtractionETMX.pdf>
Package pdftex.def Info: HSubtractionETMX.pdf  used on input line 440.
(pdftex.def)             Requested size: 470.295pt x 325.242pt.
<TiltCorrTime.pdf, id=749, 1122.1925pt x 255.95625pt>
File: TiltCorrTime.pdf Graphic file (type pdf)
<use TiltCorrTime.pdf>
Package pdftex.def Info: TiltCorrTime.pdf  used on input line 450.
(pdftex.def)             Requested size: 470.295pt x 107.26654pt.


LaTeX Warning: Reference `O2' on page 28 undefined on input line 456.

[28] [29 <./HSubtractionETMX.pdf>]

LaTeX Warning: Reference `' on page 30 undefined on input line 469.


Underfull \vbox (badness 2096) has occurred while \output is active []

 [30 <./TiltCorrTime.pdf>]

LaTeX Warning: Reference `' on page 31 undefined on input line 483.

<TiltModel.pdf, id=835, 806.01125pt x 586.19pt>
File: TiltModel.pdf Graphic file (type pdf)
<use TiltModel.pdf>
Package pdftex.def Info: TiltModel.pdf  used on input line 487.
(pdftex.def)             Requested size: 470.295pt x 342.02979pt.

LaTeX Warning: `!h' float specifier changed to `!ht'.

<LHO_WindVsLockEvents.pdf, id=836, 794.97pt x 614.295pt>
File: LHO_WindVsLockEvents.pdf Graphic file (type pdf)
<use LHO_WindVsLockEvents.pdf>
Package pdftex.def Info: LHO_WindVsLockEvents.pdf  used on input line 499.
(pdftex.def)             Requested size: 470.295pt x 363.4151pt.
[31]
Underfull \vbox (badness 6300) has occurred while \output is active []

 [32 <./TiltModel.pdf>] [33 <./LHO_WindVsLockEvents.pdf>]
<LLO_WindVsLockEvents.pdf, id=916, 794.97pt x 614.295pt>
File: LLO_WindVsLockEvents.pdf Graphic file (type pdf)
<use LLO_WindVsLockEvents.pdf>
Package pdftex.def Info: LLO_WindVsLockEvents.pdf  used on input line 511.
(pdftex.def)             Requested size: 470.295pt x 363.4151pt.
 [34] [35 <./LLO_WindVsLockEvents.pdf>]
<<3>>
<cBRS_ASC_Without.pdf, id=944, 650.43pt x 505.89pt>
File: cBRS_ASC_Without.pdf Graphic file (type pdf)
<use cBRS_ASC_Without.pdf>
Package pdftex.def Info: cBRS_ASC_Without.pdf  used on input line 532.
(pdftex.def)             Requested size: 470.295pt x 365.79208pt.

LaTeX Warning: Reference `' on page 36 undefined on input line 539.

<sensorNoise.pdf, id=945, 746.79pt x 602.25pt>
File: sensorNoise.pdf Graphic file (type pdf)
<use sensorNoise.pdf>
Package pdftex.def Info: sensorNoise.pdf  used on input line 543.
(pdftex.def)             Requested size: 470.295pt x 379.27246pt.
[36

] [37 <./cBRS_ASC_Without.pdf>] [38 <./sensorNoise.pdf>]
<cBRSIso.png, id=1120, 560.0925pt x 560.0925pt>
File: cBRSIso.png Graphic file (type png)
<use cBRSIso.png>
Package pdftex.def Info: cBRSIso.png  used on input line 559.
(pdftex.def)             Requested size: 352.72124pt x 352.73195pt.


LaTeX Warning: `!h' float specifier changed to `!ht'.

<cBRSFront.png, id=1121, 993.7125pt x 669.2503pt>
File: cBRSFront.png Graphic file (type png)
<use cBRSFront.png>
Package pdftex.def Info: cBRSFront.png  used on input line 567.
(pdftex.def)             Requested size: 470.295pt x 316.74326pt.

LaTeX Warning: `!h' float specifier changed to `!ht'.

<cBRSKMount.png, id=1122, 997.47656pt x 669.2503pt>
File: cBRSKMount.png Graphic file (type png)
<use cBRSKMount.png>
Package pdftex.def Info: cBRSKMount.png  used on input line 578.
(pdftex.def)             Requested size: 352.72124pt x 236.65112pt.

LaTeX Warning: `!h' float specifier changed to `!ht'.

<FiberInt.pdf, id=1123, 614.295pt x 650.43pt>
File: FiberInt.pdf Graphic file (type pdf)
<use FiberInt.pdf>
Package pdftex.def Info: FiberInt.pdf  used on input line 594.
(pdftex.def)             Requested size: 235.14749pt x 248.9822pt.

LaTeX Warning: `!h' float specifier changed to `!ht'.

<cBRSOptics.png, id=1124, 993.7125pt x 669.2503pt>
File: cBRSOptics.png Graphic file (type png)
<use cBRSOptics.png>
Package pdftex.def Info: cBRSOptics.png  used on input line 601.
(pdftex.def)             Requested size: 352.72124pt x 237.54977pt.

LaTeX Warning: `!h' float specifier changed to `!ht'.

<cBRS_Fringes.pdf, id=1125, 495.8525pt x 359.3425pt>
File: cBRS_Fringes.pdf Graphic file (type pdf)
<use cBRS_Fringes.pdf>
Package pdftex.def Info: cBRS_Fringes.pdf  used on input line 608.
(pdftex.def)             Requested size: 352.72124pt x 255.61746pt.

LaTeX Warning: `!h' float specifier changed to `!ht'.

[39]
Underfull \vbox (badness 10000) has occurred while \output is active []

 [40 <./cBRSiso.PNG>] [41 <./cBRSFront.PNG (PNG copy)>]
Underfull \vbox (badness 10000) has occurred while \output is active []

 [42 <./cBRSKMount.PNG (PNG copy)>] [43 <./FiberInt.pdf>] [44 <./cBRSOptics.PNG
 (PNG copy)>]
<cBRS_ReadoutNoise.pdf, id=1156, 818.05624pt x 584.1825pt>
File: cBRS_ReadoutNoise.pdf Graphic file (type pdf)
<use cBRS_ReadoutNoise.pdf>
Package pdftex.def Info: cBRS_ReadoutNoise.pdf  used on input line 662.
(pdftex.def)             Requested size: 470.295pt x 335.84883pt.
 [45 <./cBRS_Fringes.pdf>] [46 <./cBRS_ReadoutNoise.pdf>]
<cBRSMassAdjuster.png, id=1283, 1006.51031pt x 669.2503pt>
File: cBRSMassAdjuster.png Graphic file (type png)
<use cBRSMassAdjuster.png>
Package pdftex.def Info: cBRSMassAdjuster.png  used on input line 680.
(pdftex.def)             Requested size: 352.72124pt x 234.52705pt.
 [47 <./cBRSMassAdjuster.PNG (PNG copy)>]
<cBRS_massAdjust.pdf, id=1287, 829.0975pt x 630.355pt>
File: cBRS_massAdjust.pdf Graphic file (type pdf)
<use cBRS_massAdjust.pdf>
Package pdftex.def Info: cBRS_massAdjust.pdf  used on input line 692.
(pdftex.def)             Requested size: 352.72124pt x 268.16183pt.

Underfull \vbox (badness 10000) has occurred while \output is active []

 [48 <./cBRS_massAdjust.pdf>]
<cBRS_Noise.pdf, id=1314, 847.165pt x 592.2125pt>
File: cBRS_Noise.pdf Graphic file (type pdf)
<use cBRS_Noise.pdf>
Package pdftex.def Info: cBRS_Noise.pdf  used on input line 705.
(pdftex.def)             Requested size: 470.295pt x 328.76315pt.


LaTeX Warning: Reference `seisIso' on page 49 undefined on input line 720.

[49 <./cBRS_Noise.pdf>]
<cBRS_Model_Noise.pdf, id=1423, 752.8125pt x 526.96875pt>
File: cBRS_Model_Noise.pdf Graphic file (type pdf)
<use cBRS_Model_Noise.pdf>
Package pdftex.def Info: cBRS_Model_Noise.pdf  used on input line 728.
(pdftex.def)             Requested size: 470.295pt x 329.21796pt.
 [50] [51 <./cBRS_Model_Noise.pdf>]
<cBRS_Model_ST2RX.pdf, id=1563, 752.8125pt x 526.96875pt>
File: cBRS_Model_ST2RX.pdf Graphic file (type pdf)
<use cBRS_Model_ST2RX.pdf>
Package pdftex.def Info: cBRS_Model_ST2RX.pdf  used on input line 742.
(pdftex.def)             Requested size: 470.295pt x 329.21796pt.

Underfull \vbox (badness 10000) has occurred while \output is active []

 [52 <./cBRS_Model_ST2RX.pdf>]
<cBRS_Model_ST1RX.pdf, id=1681, 752.8125pt x 526.96875pt>
File: cBRS_Model_ST1RX.pdf Graphic file (type pdf)
<use cBRS_Model_ST1RX.pdf>
Package pdftex.def Info: cBRS_Model_ST1RX.pdf  used on input line 754.
(pdftex.def)             Requested size: 470.295pt x 329.21796pt.
 [53 <./cBRS_Model_ST1RX.pdf>]
<cBRS_Model_ST1X.pdf, id=1799, 752.8125pt x 526.96875pt>
File: cBRS_Model_ST1X.pdf Graphic file (type pdf)
<use cBRS_Model_ST1X.pdf>
Package pdftex.def Info: cBRS_Model_ST1X.pdf  used on input line 772.
(pdftex.def)             Requested size: 470.295pt x 329.21796pt.


LaTeX Warning: `!h' float specifier changed to `!ht'.


Underfull \vbox (badness 1097) has occurred while \output is active []

 [54]
<cBRS_Model_ST2X.pdf, id=1803, 752.8125pt x 526.96875pt>
File: cBRS_Model_ST2X.pdf Graphic file (type pdf)
<use cBRS_Model_ST2X.pdf>
Package pdftex.def Info: cBRS_Model_ST2X.pdf  used on input line 784.
(pdftex.def)             Requested size: 470.295pt x 329.21796pt.


LaTeX Warning: `!h' float specifier changed to `!ht'.

[55 <./cBRS_Model_ST1X.pdf>]
Underfull \vbox (badness 10000) has occurred while \output is active []

 [56 <./cBRS_Model_ST2X.pdf>]
<cBRS_Model_CompRX.pdf, id=2019, 752.8125pt x 526.96875pt>
File: cBRS_Model_CompRX.pdf Graphic file (type pdf)
<use cBRS_Model_CompRX.pdf>
Package pdftex.def Info: cBRS_Model_CompRX.pdf  used on input line 798.
(pdftex.def)             Requested size: 470.295pt x 329.21796pt.
 [57 <./cBRS_Model_CompRX.pdf>]
<cBRS_Model_CompX.pdf, id=2109, 752.8125pt x 526.96875pt>
File: cBRS_Model_CompX.pdf Graphic file (type pdf)
<use cBRS_Model_CompX.pdf>
Package pdftex.def Info: cBRS_Model_CompX.pdf  used on input line 809.
(pdftex.def)             Requested size: 470.295pt x 329.21796pt.
 [58 <./cBRS_Model_CompX.pdf>]
<cBRS_ASC_With.pdf, id=2237, 650.43pt x 505.89pt>
File: cBRS_ASC_With.pdf Graphic file (type pdf)
<use cBRS_ASC_With.pdf>
Package pdftex.def Info: cBRS_ASC_With.pdf  used on input line 823.
(pdftex.def)             Requested size: 470.295pt x 365.79208pt.
<cBRS_ASC_LowF.pdf, id=2238, 650.43pt x 505.89pt>
File: cBRS_ASC_LowF.pdf Graphic file (type pdf)
<use cBRS_ASC_LowF.pdf>
Package pdftex.def Info: cBRS_ASC_LowF.pdf  used on input line 831.
(pdftex.def)             Requested size: 470.295pt x 365.79208pt.
<cBRS_ASC.pdf, id=2239, 650.43pt x 505.89pt>
File: cBRS_ASC.pdf Graphic file (type pdf)
<use cBRS_ASC.pdf>
Package pdftex.def Info: cBRS_ASC.pdf  used on input line 839.
(pdftex.def)             Requested size: 470.295pt x 365.79208pt.
[59] [60 <./cBRS_ASC_With.pdf>] [61 <./cBRS_ASC_LowF.pdf>] [62 <./cBRS_ASC.pdf>
]
<<4>>

Underfull \vbox (badness 4954) has occurred while \output is active []

 [63

]
<PNGTimeSeries.pdf, id=2395, 872.25874pt x 533.995pt>
File: PNGTimeSeries.pdf Graphic file (type pdf)
<use PNGTimeSeries.pdf>
Package pdftex.def Info: PNGTimeSeries.pdf  used on input line 872.
(pdftex.def)             Requested size: 470.295pt x 287.91301pt.

Underfull \vbox (badness 10000) has occurred while \output is active []

 [64]
[65 <./PNGTimeSeries.pdf>]
Underfull \vbox (badness 10000) has occurred while \output is active []

 [66]

Package natbib Warning: Citation `TiltSeimology' on page 67 undefined on input 
line 907.

<Vel.pdf, id=2470, 578.16pt x 505.89pt>
File: Vel.pdf Graphic file (type pdf)
<use Vel.pdf>
Package pdftex.def Info: Vel.pdf  used on input line 911.
(pdftex.def)             Requested size: 352.72124pt x 308.63103pt.
[67] [68 <./Vel.pdf>]
Underfull \vbox (badness 5548) has occurred while \output is active []

 [69]
[70]

LaTeX Warning: Reference `cBRSChap' on page 71 undefined on input line 960.

(./Dissertation.bbl [71] [72

] [73]
Underfull \vbox (badness 10000) has occurred while \output is active []

 [74]
[75]
Underfull \vbox (badness 2951) has occurred while \output is active []

 [76])

Package natbib Warning: There were undefined citations.

[77] (./Dissertation.aux)

LaTeX Warning: There were undefined references.


LaTeX Warning: There were multiply-defined labels.

 ) 
Here is how much of TeX's memory you used:
 4819 strings out of 494485
 70683 string characters out of 6175792
 137272 words of memory out of 5000000
 8376 multiletter control sequences out of 15000+600000
 15076 words of font info for 57 fonts, out of 8000000 for 9000
 59 hyphenation exceptions out of 8191
 44i,12n,44p,1117b,341s stack positions out of 5000i,500n,10000p,200000b,80000s
</usr/share/texlive/texmf-dist/fonts/type1/public/amsfonts/cm/cmbx10.pfb></us
r/share/texlive/texmf-dist/fonts/type1/public/amsfonts/cm/cmbx12.pfb></usr/shar
e/texlive/texmf-dist/fonts/type1/public/amsfonts/cm/cmbxsl10.pfb></usr/share/te
xlive/texmf-dist/fonts/type1/public/amsfonts/cm/cmex10.pfb></usr/share/texlive/
texmf-dist/fonts/type1/public/amsfonts/cm/cmmi10.pfb></usr/share/texlive/texmf-
dist/fonts/type1/public/amsfonts/cm/cmmi12.pfb></usr/share/texlive/texmf-dist/f
onts/type1/public/amsfonts/cm/cmmi7.pfb></usr/share/texlive/texmf-dist/fonts/ty
pe1/public/amsfonts/cm/cmmi8.pfb></usr/share/texlive/texmf-dist/fonts/type1/pub
lic/amsfonts/cm/cmr10.pfb></usr/share/texlive/texmf-dist/fonts/type1/public/ams
fonts/cm/cmr12.pfb></usr/share/texlive/texmf-dist/fonts/type1/public/amsfonts/c
m/cmr17.pfb></usr/share/texlive/texmf-dist/fonts/type1/public/amsfonts/cm/cmr7.
pfb></usr/share/texlive/texmf-dist/fonts/type1/public/amsfonts/cm/cmr8.pfb></us
r/share/texlive/texmf-dist/fonts/type1/public/amsfonts/cm/cmsy10.pfb></usr/shar
e/texlive/texmf-dist/fonts/type1/public/amsfonts/cm/cmsy7.pfb></usr/share/texli
ve/texmf-dist/fonts/type1/public/amsfonts/cm/cmsy8.pfb></usr/share/texlive/texm
f-dist/fonts/type1/public/amsfonts/cm/cmti10.pfb></usr/share/texlive/texmf-dist
/fonts/type1/public/amsfonts/cm/cmti12.pfb></usr/share/texlive/texmf-dist/fonts
/type1/public/amsfonts/symbols/msam10.pfb>
Output written on Dissertation.pdf (88 pages, 5982585 bytes).
PDF statistics:
 2602 PDF objects out of 2984 (max. 8388607)
 2129 compressed objects within 22 object streams
 0 named destinations out of 1000 (max. 500000)
 196 words of extra memory for PDF output out of 10000 (max. 10000000)

