\BOOKMARK [0][-]{chapter*.2}{List of Figures}{}% 1
\BOOKMARK [0][-]{chapter*.3}{List of Tables}{}% 2
\BOOKMARK [0][-]{chapter.1}{Introduction}{}% 3
\BOOKMARK [1][-]{section.1.1}{Gravitational Wave Theory}{chapter.1}% 4
\BOOKMARK [2][-]{subsection.1.1.1}{Linearized General Relativity}{section.1.1}% 5
\BOOKMARK [2][-]{subsection.1.1.2}{Compact Binary Coalescence}{section.1.1}% 6
\BOOKMARK [1][-]{section.1.2}{LIGO}{chapter.1}% 7
\BOOKMARK [2][-]{subsection.1.2.1}{Sensitivity}{section.1.2}% 8
\BOOKMARK [2][-]{subsection.1.2.2}{Events}{section.1.2}% 9
\BOOKMARK [1][-]{section.1.3}{Seismic Isolation}{chapter.1}% 10
\BOOKMARK [2][-]{subsection.1.3.1}{LIGO Isolation Scheme}{section.1.3}% 11
\BOOKMARK [2][-]{subsection.1.3.2}{Internal Seismic Isolation}{section.1.3}% 12
\BOOKMARK [2][-]{subsection.1.3.3}{Sensor Correction}{section.1.3}% 13
\BOOKMARK [0][-]{chapter.2}{Ground Rotation Sensors}{}% 14
\BOOKMARK [1][-]{section.2.1}{Ground Tilt}{chapter.2}% 15
\BOOKMARK [2][-]{subsection.2.1.1}{Tilt Contamination}{section.2.1}% 16
\BOOKMARK [2][-]{subsection.2.1.2}{Sensor Correction with Tilt Subtraction}{section.2.1}% 17
\BOOKMARK [1][-]{section.2.2}{Beam Rotation Sensors}{chapter.2}% 18
\BOOKMARK [2][-]{subsection.2.2.1}{Mechanical System}{section.2.2}% 19
\BOOKMARK [2][-]{subsection.2.2.2}{Flexures}{section.2.2}% 20
\BOOKMARK [2][-]{subsection.2.2.3}{Vacuum System}{section.2.2}% 21
\BOOKMARK [2][-]{subsection.2.2.4}{Multi-Slit Autocollimator Readout}{section.2.2}% 22
\BOOKMARK [2][-]{subsection.2.2.5}{Controls}{section.2.2}% 23
\BOOKMARK [2][-]{subsection.2.2.6}{Noise Performance}{section.2.2}% 24
\BOOKMARK [1][-]{section.2.3}{Results}{chapter.2}% 25
\BOOKMARK [2][-]{subsection.2.3.1}{Hanford Installation}{section.2.3}% 26
\BOOKMARK [2][-]{subsection.2.3.2}{Livingston Installation}{section.2.3}% 27
\BOOKMARK [2][-]{subsection.2.3.3}{Ground Tilt Model}{section.2.3}% 28
\BOOKMARK [2][-]{subsection.2.3.4}{Duty Cycle Improvements}{section.2.3}% 29
\BOOKMARK [0][-]{chapter.3}{Prototype On-Board Rotation Sensor}{}% 30
\BOOKMARK [1][-]{section.3.1}{Angular Controls}{chapter.3}% 31
\BOOKMARK [1][-]{section.3.2}{Compact Beam Rotation Sensor}{chapter.3}% 32
\BOOKMARK [2][-]{subsection.3.2.1}{Mechanical System}{section.3.2}% 33
\BOOKMARK [2][-]{subsection.3.2.2}{Kinematic Mount}{section.3.2}% 34
\BOOKMARK [2][-]{subsection.3.2.3}{Interferometric Readout}{section.3.2}% 35
\BOOKMARK [2][-]{subsection.3.2.4}{Calibration}{section.3.2}% 36
\BOOKMARK [2][-]{subsection.3.2.5}{Mass Adjustment}{section.3.2}% 37
\BOOKMARK [2][-]{subsection.3.2.6}{Controls}{section.3.2}% 38
\BOOKMARK [2][-]{subsection.3.2.7}{Noise Performance}{section.3.2}% 39
\BOOKMARK [1][-]{section.3.3}{Projected Improvements}{chapter.3}% 40
\BOOKMARK [2][-]{subsection.3.3.1}{Isolation Scheme}{section.3.3}% 41
\BOOKMARK [2][-]{subsection.3.3.2}{Angular Control Performance}{section.3.3}% 42
\BOOKMARK [0][-]{chapter.4}{Auxiliary Applications}{}% 43
\BOOKMARK [1][-]{section.4.1}{Geophysics}{chapter.4}% 44
\BOOKMARK [2][-]{subsection.4.1.1}{Rayleigh Wave Theory}{section.4.1}% 45
\BOOKMARK [2][-]{subsection.4.1.2}{Wave-Field Parameter Extraction}{section.4.1}% 46
\BOOKMARK [2][-]{subsection.4.1.3}{Single Station Dispersion Measurements}{section.4.1}% 47
\BOOKMARK [1][-]{section.4.2}{Newtonian Noise}{chapter.4}% 48
\BOOKMARK [2][-]{subsection.4.2.1}{Theory}{section.4.2}% 49
\BOOKMARK [2][-]{subsection.4.2.2}{Observations}{section.4.2}% 50
